<?xml version="1.0" encoding="UTF-8"?>
<testsuite name="edu.toronto.csc301.GridRobot2Test" time="0.031" tests="49" errors="0" skipped="0" failures="0">
  <properties>
[...]
</properties>
  <testcase name="createWestFacingInstanceAndCheckRotation" classname="edu.toronto.csc301.GridRobot2Test" time="0"/>
  <testcase name="faceNorthThenCheckRotation" classname="edu.toronto.csc301.GridRobot2Test" time="0"/>
  <testcase name="callMoveThenCheckGridRobotLocation_1" classname="edu.toronto.csc301.GridRobot2Test" time="0"/>
  <testcase name="callMoveThenCheckGridRobotLocation_2" classname="edu.toronto.csc301.GridRobot2Test" time="0"/>
  <testcase name="callMoveThenCheckGridRobotLocation_3" classname="edu.toronto.csc301.GridRobot2Test" time="0"/>
  <testcase name="rotateLeftRequiresDegreesToBeAMultipleOf90" classname="edu.toronto.csc301.GridRobot2Test" time="0"/>
  <testcase name="shouldNotBeAllowedToMoveOffTheGrid" classname="edu.toronto.csc301.GridRobot2Test" time="0"/>
  <testcase name="createSouthFacingInstanceAndCheckRotation" classname="edu.toronto.csc301.GridRobot2Test" time="0.016"/>
  <testcase name="createInstanceAndCheckYCoordinate_2" classname="edu.toronto.csc301.GridRobot2Test" time="0"/>
  <testcase name="createInstanceAndCheckYCoordinate_3" classname="edu.toronto.csc301.GridRobot2Test" time="0"/>
  <testcase name="createInstanceAndCheckYCoordinate_4" classname="edu.toronto.csc301.GridRobot2Test" time="0"/>
  <testcase name="createInstanceAndCheckYCoordinate_5" classname="edu.toronto.csc301.GridRobot2Test" time="0"/>
  <testcase name="faceSouthThenCheckRotation" classname="edu.toronto.csc301.GridRobot2Test" time="0"/>
  <testcase name="faceEastThenCheckRotation" classname="edu.toronto.csc301.GridRobot2Test" time="0"/>
  <testcase name="createInstanceAndCheckXCoordinate_1" classname="edu.toronto.csc301.GridRobot2Test" time="0"/>
  <testcase name="createInstanceAndCheckXCoordinate_2" classname="edu.toronto.csc301.GridRobot2Test" time="0"/>
  <testcase name="createInstanceAndCheckXCoordinate_3" classname="edu.toronto.csc301.GridRobot2Test" time="0"/>
  <testcase name="createInstanceAndCheckXCoordinate_4" classname="edu.toronto.csc301.GridRobot2Test" time="0"/>
  <testcase name="createInstanceAndCheckXCoordinate_5" classname="edu.toronto.csc301.GridRobot2Test" time="0"/>
  <testcase name="createInstanceAndCheckYCoordinate_test1" classname="edu.toronto.csc301.GridRobot2Test" time="0"/>
  <testcase name="createInstanceWithNullDirection" classname="edu.toronto.csc301.GridRobot2Test" time="0"/>
  <testcase name="rotateRightRequiresDegreesToBeAMultipleOf90" classname="edu.toronto.csc301.GridRobot2Test" time="0"/>
  <testcase name="stepAndCheckCoordinates_1" classname="edu.toronto.csc301.GridRobot2Test" time="0"/>
  <testcase name="stepAndCheckCoordinates_2" classname="edu.toronto.csc301.GridRobot2Test" time="0"/>
  <testcase name="stepAndCheckCoordinates_3" classname="edu.toronto.csc301.GridRobot2Test" time="0"/>
  <testcase name="stepAndCheckCoordinates_4" classname="edu.toronto.csc301.GridRobot2Test" time="0"/>
  <testcase name="rotateThenCheckDirection_1" classname="edu.toronto.csc301.GridRobot2Test" time="0"/>
  <testcase name="rotateThenCheckDirection_2" classname="edu.toronto.csc301.GridRobot2Test" time="0"/>
  <testcase name="rotateThenCheckDirection_3" classname="edu.toronto.csc301.GridRobot2Test" time="0"/>
  <testcase name="rotateThenCheckDirection_4" classname="edu.toronto.csc301.GridRobot2Test" time="0"/>
  <testcase name="rotateThenCheckDirection_5" classname="edu.toronto.csc301.GridRobot2Test" time="0"/>
  <testcase name="createEastFacingInstanceAndCheckRotation" classname="edu.toronto.csc301.GridRobot2Test" time="0"/>
  <testcase name="createInstanceWithNegativeGridCellSize" classname="edu.toronto.csc301.GridRobot2Test" time="0"/>
  <testcase name="createInstanceWithZeroGridCellSize" classname="edu.toronto.csc301.GridRobot2Test" time="0"/>
  <testcase name="createNorthFacingInstanceAndCheckRotation" classname="edu.toronto.csc301.GridRobot2Test" time="0"/>
  <testcase name="faceWestThenCheckRotation" classname="edu.toronto.csc301.GridRobot2Test" time="0"/>
  <testcase name="createInstanceWithNullLocation" classname="edu.toronto.csc301.GridRobot2Test" time="0.015"/>
  <testcase name="faceMultipleTimes" classname="edu.toronto.csc301.GridRobot2Test" time="0"/>
  <testcase name="stepInEachDirectionStartingFromEachDirection" classname="edu.toronto.csc301.GridRobot2Test" time="0"/>
  <testcase name="stepNorth" classname="edu.toronto.csc301.GridRobot2Test" time="0"/>
  <testcase name="multipleSteps_test1" classname="edu.toronto.csc301.GridRobot2Test" time="0"/>
  <testcase name="multipleSteps_test2" classname="edu.toronto.csc301.GridRobot2Test" time="0"/>
  <testcase name="multipleSteps_test3" classname="edu.toronto.csc301.GridRobot2Test" time="0"/>
  <testcase name="multipleSteps_test4" classname="edu.toronto.csc301.GridRobot2Test" time="0"/>
  <testcase name="multipleSteps_test5" classname="edu.toronto.csc301.GridRobot2Test" time="0"/>
  <testcase name="multipleSteps_test6" classname="edu.toronto.csc301.GridRobot2Test" time="0"/>
  <testcase name="stepSouth" classname="edu.toronto.csc301.GridRobot2Test" time="0"/>
  <testcase name="stepEast" classname="edu.toronto.csc301.GridRobot2Test" time="0"/>
  <testcase name="stepWest" classname="edu.toronto.csc301.GridRobot2Test" time="0"/>
</testsuite>